<?xml version="1.0" encoding="UTF-8"?>
<!-- Generated by org.testng.reporters.JUnitReportReporter -->
<testsuite hostname="DESKTOP-0J9H01F" failures="0" tests="1" name="com.naveenautomationlabs.AutomationFramework.Tests.RegisterAccountTest" time="10.199" errors="0" timestamp="2023-07-14T16:34:24 EDT" skipped="0">
  <testcase classname="com.naveenautomationlabs.AutomationFramework.Tests.RegisterAccountTest" name="validateRegisterUsingSameEmail" time="10.199"/>
  <system-out/>
</testsuite> <!-- com.naveenautomationlabs.AutomationFramework.Tests.RegisterAccountTest -->
