<?xml version="1.0" encoding="UTF-8"?>
<!-- Generated by org.testng.reporters.JUnitReportReporter -->
<testsuite hostname="DESKTOP-0J9H01F" failures="0" tests="3" name="com.naveenautomationlabs.AutomationFramework.Tests.AccountLoginTest" time="24.280" errors="0" timestamp="2023-07-15T17:48:52 EDT" skipped="0">
  <testcase classname="com.naveenautomationlabs.AutomationFramework.Tests.AccountLoginTest" name="validateLogin" time="8.469"/>
  <system-out/>
  <testcase classname="com.naveenautomationlabs.AutomationFramework.Tests.AccountLoginTest" name="validateLogin" time="8.022"/>
  <system-out/>
  <testcase classname="com.naveenautomationlabs.AutomationFramework.Tests.AccountLoginTest" name="validateLogin" time="7.789"/>
  <system-out/>
</testsuite> <!-- com.naveenautomationlabs.AutomationFramework.Tests.AccountLoginTest -->
