<?xml version="1.0" encoding="UTF-8"?>
<!-- Generated by org.testng.reporters.JUnitReportReporter -->
<testsuite hostname="DESKTOP-0J9H01F" failures="0" tests="2" name="com.naveenautomationlabs.AutomationFramework.Tests.YourStoreTest" time="29.403" errors="0" timestamp="2023-07-15T17:48:52 EDT" skipped="0">
  <testcase classname="com.naveenautomationlabs.AutomationFramework.Tests.YourStoreTest" name="validateAddToWishList" time="7.441"/>
  <system-out/>
  <testcase classname="com.naveenautomationlabs.AutomationFramework.Tests.YourStoreTest" name="validateSlider" time="21.962"/>
  <system-out/>
</testsuite> <!-- com.naveenautomationlabs.AutomationFramework.Tests.YourStoreTest -->
