<?xml version="1.0" encoding="UTF-8"?>
<!-- Generated by org.testng.reporters.JUnitReportReporter -->
<testsuite hostname="DESKTOP-0J9H01F" failures="0" tests="1" name="com.naveenautomationlabs.AutomationFramework.Tests.MyAccountTest" time="10.586" errors="0" timestamp="2023-07-15T17:48:52 EDT" skipped="0">
  <testcase classname="com.naveenautomationlabs.AutomationFramework.Tests.MyAccountTest" name="validateSideNavigationMenu" time="10.586"/>
  <system-out/>
</testsuite> <!-- com.naveenautomationlabs.AutomationFramework.Tests.MyAccountTest -->
