<?xml version="1.0" encoding="UTF-8"?>
<!-- Generated by org.testng.reporters.JUnitReportReporter -->
<testsuite hostname="DESKTOP-0J9H01F" failures="0" tests="3" name="com.naveenautomationlabs.AutomationFramework.Tests.AccountLoginTest" time="26.334" errors="0" timestamp="2023-07-07T20:37:42 EDT" skipped="0">
  <testcase classname="com.naveenautomationlabs.AutomationFramework.Tests.AccountLoginTest" name="validateLogin" time="7.930"/>
  <system-out/>
  <testcase classname="com.naveenautomationlabs.AutomationFramework.Tests.AccountLoginTest" name="validateLogin" time="8.087"/>
  <system-out/>
  <testcase classname="com.naveenautomationlabs.AutomationFramework.Tests.AccountLoginTest" name="validateLogin" time="10.317"/>
  <system-out/>
</testsuite> <!-- com.naveenautomationlabs.AutomationFramework.Tests.AccountLoginTest -->
