<?xml version="1.0" encoding="UTF-8"?>
<!-- Generated by org.testng.reporters.JUnitReportReporter -->
<testsuite hostname="DESKTOP-0J9H01F" failures="0" tests="1" name="com.naveenautomationlabs.AutomationFramework.Tests.ShoppingCartTest" time="26.449" errors="0" timestamp="2023-07-08T10:42:25 EDT" skipped="0">
  <testcase classname="com.naveenautomationlabs.AutomationFramework.Tests.ShoppingCartTest" name="vaildateProductAvailability" time="26.449"/>
  <system-out/>
</testsuite> <!-- com.naveenautomationlabs.AutomationFramework.Tests.ShoppingCartTest -->
