<?xml version="1.0" encoding="UTF-8"?>
<!-- Generated by org.testng.reporters.JUnitReportReporter -->
<testsuite hostname="DESKTOP-0J9H01F" failures="0" tests="1" name="com.naveenautomationlabs.AutomationFramework.Tests.ShoppingCartTest" time="38.148" errors="0" timestamp="2023-07-07T20:37:42 EDT" skipped="0">
  <testcase classname="com.naveenautomationlabs.AutomationFramework.Tests.ShoppingCartTest" name="vaildateProductAvailability" time="38.148"/>
  <system-out/>
</testsuite> <!-- com.naveenautomationlabs.AutomationFramework.Tests.ShoppingCartTest -->
