<?xml version="1.0" encoding="UTF-8"?>
<!-- Generated by org.testng.reporters.JUnitReportReporter -->
<testsuite hostname="DESKTOP-0J9H01F" failures="0" tests="1" name="com.naveenautomationlabs.AutomationFramework.Tests.YourStoreTest" time="36.546" errors="0" timestamp="19 Jun 2023 18:22:46 GMT" skipped="0">
  <testcase classname="com.naveenautomationlabs.AutomationFramework.Tests.YourStoreTest" name="vaildateBuyingMonitor" time="36.546"/>
</testsuite> <!-- com.naveenautomationlabs.AutomationFramework.Tests.YourStoreTest -->
