<?xml version="1.0" encoding="UTF-8"?>
<!-- Generated by org.testng.reporters.JUnitReportReporter -->
<testsuite hostname="DESKTOP-0J9H01F" failures="0" tests="2" name="com.naveenautomationlabs.AutomationFramework.AppTest" time="13.656" errors="0" timestamp="05 Jul 2023 20:59:06 GMT" skipped="0">
  <testcase classname="com.naveenautomationlabs.AutomationFramework.AppTest" name="test" time="8.282"/>
  <testcase classname="com.naveenautomationlabs.AutomationFramework.AppTest" name="validateTitle" time="5.374"/>
</testsuite> <!-- com.naveenautomationlabs.AutomationFramework.AppTest -->
