<?xml version="1.0" encoding="UTF-8"?>
<!-- Generated by org.testng.reporters.JUnitReportReporter -->
<testsuite hostname="DESKTOP-0J9H01F" failures="0" tests="3" name="com.naveenautomationlabs.AutomationFramework.Tests.AccountLoginTest" time="23.839" errors="0" timestamp="05 Jul 2023 20:59:06 GMT" skipped="0">
  <testcase classname="com.naveenautomationlabs.AutomationFramework.Tests.AccountLoginTest" name="validateLogin" time="8.370"/>
  <testcase classname="com.naveenautomationlabs.AutomationFramework.Tests.AccountLoginTest" name="validateLogin" time="7.887"/>
  <testcase classname="com.naveenautomationlabs.AutomationFramework.Tests.AccountLoginTest" name="validateLogin" time="7.582"/>
</testsuite> <!-- com.naveenautomationlabs.AutomationFramework.Tests.AccountLoginTest -->
