<?xml version="1.0" encoding="UTF-8"?>
<!-- Generated by org.testng.reporters.JUnitReportReporter -->
<testsuite hostname="DESKTOP-0J9H01F" failures="0" tests="1" name="com.naveenautomationlabs.AutomationFramework.Tests.MyWishListTest" time="9.346" errors="0" timestamp="05 Jul 2023 20:59:06 GMT" skipped="0">
  <testcase classname="com.naveenautomationlabs.AutomationFramework.Tests.MyWishListTest" name="validateUnitPrice" time="9.346"/>
</testsuite> <!-- com.naveenautomationlabs.AutomationFramework.Tests.MyWishListTest -->
